<?xml version="1.0" encoding="UTF-8"?>
<robot generator="Robot 4.1.3 (Python 3.10.2 on win32)" generated="20220320 22:09:48.860" rpa="false" schemaversion="2">
<suite id="s1" name="Webautomation" source="C:\Treinamento Automação\Treinamento Automação\tests\features\webautomation.robot">
<test id="s1-t1" name="Cenario: Pesquisando um produto com sucesso">
<kw name="Abrir sessão" library="hooks" type="SETUP">
<kw name="Open Browser" library="SeleniumLibrary">
<arg>About:blank</arg>
<arg>${CONFIG.BROWSER.NOME}</arg>
<doc>Opens a new browser instance to the optional ``url``.</doc>
<msg timestamp="20220320 22:09:49.671" level="INFO">Opening browser 'CHROME' to base url 'About:blank'.</msg>
<status status="PASS" starttime="20220320 22:09:49.670" endtime="20220320 22:09:50.811"/>
</kw>
<kw name="Go To" library="SeleniumLibrary">
<arg>${CONFIG.BROWSER.URL}</arg>
<doc>Navigates the current browser window to the provided ``url``.</doc>
<msg timestamp="20220320 22:09:50.813" level="INFO">Opening url 'https://automationpractice.com/index.php'</msg>
<status status="PASS" starttime="20220320 22:09:50.812" endtime="20220320 22:09:54.266"/>
</kw>
<kw name="Maximize Browser Window" library="SeleniumLibrary">
<doc>Maximizes current browser window.</doc>
<status status="PASS" starttime="20220320 22:09:54.266" endtime="20220320 22:09:54.383"/>
</kw>
<kw name="Set Selenium Timeout" library="SeleniumLibrary">
<arg>${CONFIG.TIMEOUT}</arg>
<doc>Sets the timeout that is used by various keywords.</doc>
<status status="PASS" starttime="20220320 22:09:54.384" endtime="20220320 22:09:54.387"/>
</kw>
<status status="PASS" starttime="20220320 22:09:49.669" endtime="20220320 22:09:54.387"/>
</kw>
<kw name="Dado que o cliente estaja na tela home do site" library="kws_webautomation">
<kw name="Wait Until Element Is Visible" library="SeleniumLibrary">
<arg>${home.titulo}</arg>
<doc>Waits until the element ``locator`` is visible.</doc>
<status status="PASS" starttime="20220320 22:09:54.388" endtime="20220320 22:09:54.416"/>
</kw>
<kw name="Wait Until Element Is Visible" library="SeleniumLibrary">
<arg>${home.Menu}</arg>
<doc>Waits until the element ``locator`` is visible.</doc>
<status status="PASS" starttime="20220320 22:09:54.416" endtime="20220320 22:09:54.462"/>
</kw>
<status status="PASS" starttime="20220320 22:09:54.387" endtime="20220320 22:09:54.462"/>
</kw>
<kw name="Quando realizar a pesquisa de um produto" library="kws_webautomation">
<kw name="Input Text" library="SeleniumLibrary">
<arg>${home.search}</arg>
<arg>${busca_blouse}</arg>
<doc>Types the given ``text`` into the text field identified by ``locator``.</doc>
<msg timestamp="20220320 22:09:54.464" level="INFO">Typing text 'blouse' into text field 'search_query_top'.</msg>
<status status="PASS" starttime="20220320 22:09:54.463" endtime="20220320 22:09:54.542"/>
</kw>
<kw name="Click Element" library="SeleniumLibrary">
<arg>${home.BTN_Pesquisar}</arg>
<doc>Click the element identified by ``locator``.</doc>
<msg timestamp="20220320 22:09:54.543" level="INFO">Clicking element '//*[@name="submit_search"]'.</msg>
<status status="PASS" starttime="20220320 22:09:54.542" endtime="20220320 22:09:55.997"/>
</kw>
<status status="PASS" starttime="20220320 22:09:54.462" endtime="20220320 22:09:55.998"/>
</kw>
<kw name="Então o produto deve ser aprensentado com sucesso" library="kws_webautomation">
<kw name="Wait Until Element Is Visible" library="SeleniumLibrary">
<arg>${BUSCA.PRODUTO}</arg>
<doc>Waits until the element ``locator`` is visible.</doc>
<status status="PASS" starttime="20220320 22:09:55.999" endtime="20220320 22:09:56.021"/>
</kw>
<kw name="Element Should Be Visible" library="SeleniumLibrary">
<arg>${BUSCA.IMAGEM_PRODUTO}</arg>
<doc>Verifies that the element identified by ``locator`` is visible.</doc>
<msg timestamp="20220320 22:09:56.040" level="INFO">Element '//*[@class="product-name" and @title="Blouse"]' is displayed.</msg>
<status status="PASS" starttime="20220320 22:09:56.021" endtime="20220320 22:09:56.040"/>
</kw>
<status status="PASS" starttime="20220320 22:09:55.998" endtime="20220320 22:09:56.040"/>
</kw>
<kw name="Fechar sessão" library="hooks" type="TEARDOWN">
<kw name="Capture Page Screenshot" library="SeleniumLibrary">
<doc>Takes a screenshot of the current page and embeds it into a log file.</doc>
<msg timestamp="20220320 22:09:56.175" level="INFO" html="true">&lt;/td&gt;&lt;/tr&gt;&lt;tr&gt;&lt;td colspan="3"&gt;&lt;a href="selenium-screenshot-82.png"&gt;&lt;img src="selenium-screenshot-82.png" width="800px"&gt;&lt;/a&gt;</msg>
<status status="PASS" starttime="20220320 22:09:56.041" endtime="20220320 22:09:56.175"/>
</kw>
<kw name="Close Browser" library="SeleniumLibrary">
<doc>Closes the current browser.</doc>
<status status="PASS" starttime="20220320 22:09:56.175" endtime="20220320 22:09:58.338"/>
</kw>
<status status="PASS" starttime="20220320 22:09:56.041" endtime="20220320 22:09:58.338"/>
</kw>
<status status="PASS" starttime="20220320 22:09:49.669" endtime="20220320 22:09:58.339"/>
</test>
<test id="s1-t2" name="Cenario: Pesquisando um produto inexistente">
<kw name="Abrir sessão" library="hooks" type="SETUP">
<kw name="Open Browser" library="SeleniumLibrary">
<arg>About:blank</arg>
<arg>${CONFIG.BROWSER.NOME}</arg>
<doc>Opens a new browser instance to the optional ``url``.</doc>
<msg timestamp="20220320 22:09:58.343" level="INFO">Opening browser 'CHROME' to base url 'About:blank'.</msg>
<status status="PASS" starttime="20220320 22:09:58.342" endtime="20220320 22:09:59.451"/>
</kw>
<kw name="Go To" library="SeleniumLibrary">
<arg>${CONFIG.BROWSER.URL}</arg>
<doc>Navigates the current browser window to the provided ``url``.</doc>
<msg timestamp="20220320 22:09:59.453" level="INFO">Opening url 'https://automationpractice.com/index.php'</msg>
<status status="PASS" starttime="20220320 22:09:59.452" endtime="20220320 22:10:03.438"/>
</kw>
<kw name="Maximize Browser Window" library="SeleniumLibrary">
<doc>Maximizes current browser window.</doc>
<status status="PASS" starttime="20220320 22:10:03.439" endtime="20220320 22:10:03.556"/>
</kw>
<kw name="Set Selenium Timeout" library="SeleniumLibrary">
<arg>${CONFIG.TIMEOUT}</arg>
<doc>Sets the timeout that is used by various keywords.</doc>
<status status="PASS" starttime="20220320 22:10:03.556" endtime="20220320 22:10:03.558"/>
</kw>
<status status="PASS" starttime="20220320 22:09:58.341" endtime="20220320 22:10:03.558"/>
</kw>
<kw name="Dado que o cliente estaja na tela home do site" library="kws_webautomation">
<kw name="Wait Until Element Is Visible" library="SeleniumLibrary">
<arg>${home.titulo}</arg>
<doc>Waits until the element ``locator`` is visible.</doc>
<status status="PASS" starttime="20220320 22:10:03.559" endtime="20220320 22:10:03.586"/>
</kw>
<kw name="Wait Until Element Is Visible" library="SeleniumLibrary">
<arg>${home.Menu}</arg>
<doc>Waits until the element ``locator`` is visible.</doc>
<status status="PASS" starttime="20220320 22:10:03.586" endtime="20220320 22:10:03.628"/>
</kw>
<status status="PASS" starttime="20220320 22:10:03.559" endtime="20220320 22:10:03.628"/>
</kw>
<kw name="Quando Realizar a Pesquisa do produto" library="kws_webautomation">
<arg>produto_inexistente</arg>
<kw name="Input Text" library="SeleniumLibrary">
<arg>${home.search}</arg>
<arg>${produto}</arg>
<doc>Types the given ``text`` into the text field identified by ``locator``.</doc>
<msg timestamp="20220320 22:10:03.630" level="INFO">Typing text 'produto_inexistente' into text field 'search_query_top'.</msg>
<status status="PASS" starttime="20220320 22:10:03.629" endtime="20220320 22:10:03.719"/>
</kw>
<kw name="Click Element" library="SeleniumLibrary">
<arg>${home.BTN_Pesquisar}</arg>
<doc>Click the element identified by ``locator``.</doc>
<msg timestamp="20220320 22:10:03.720" level="INFO">Clicking element '//*[@name="submit_search"]'.</msg>
<status status="PASS" starttime="20220320 22:10:03.719" endtime="20220320 22:10:05.137"/>
</kw>
<status status="PASS" starttime="20220320 22:10:03.629" endtime="20220320 22:10:05.138"/>
</kw>
<kw name="Então é apresentado a mensagem" library="kws_webautomation">
<arg>No results were found for your search "produto_inexistente"</arg>
<kw name="Wait Until Element Is Visible" library="SeleniumLibrary">
<arg>${MENSAGEM}</arg>
<doc>Waits until the element ``locator`` is visible.</doc>
<status status="PASS" starttime="20220320 22:10:05.139" endtime="20220320 22:10:05.161"/>
</kw>
<kw name="Get Text" library="SeleniumLibrary">
<var>${text}</var>
<arg>${MENSAGEM}</arg>
<doc>Returns the text value of the element identified by ``locator``.</doc>
<msg timestamp="20220320 22:10:05.180" level="INFO">${text} = No results were found for your search "produto_inexistente"</msg>
<status status="PASS" starttime="20220320 22:10:05.161" endtime="20220320 22:10:05.180"/>
</kw>
<kw name="Should Be Equal As Strings" library="BuiltIn">
<arg>${text}</arg>
<arg>${mensagem_erro}</arg>
<doc>Fails if objects are unequal after converting them to strings.</doc>
<status status="PASS" starttime="20220320 22:10:05.180" endtime="20220320 22:10:05.181"/>
</kw>
<status status="PASS" starttime="20220320 22:10:05.138" endtime="20220320 22:10:05.181"/>
</kw>
<kw name="Fechar sessão" library="hooks" type="TEARDOWN">
<kw name="Capture Page Screenshot" library="SeleniumLibrary">
<doc>Takes a screenshot of the current page and embeds it into a log file.</doc>
<msg timestamp="20220320 22:10:05.291" level="INFO" html="true">&lt;/td&gt;&lt;/tr&gt;&lt;tr&gt;&lt;td colspan="3"&gt;&lt;a href="selenium-screenshot-83.png"&gt;&lt;img src="selenium-screenshot-83.png" width="800px"&gt;&lt;/a&gt;</msg>
<status status="PASS" starttime="20220320 22:10:05.182" endtime="20220320 22:10:05.291"/>
</kw>
<kw name="Close Browser" library="SeleniumLibrary">
<doc>Closes the current browser.</doc>
<status status="PASS" starttime="20220320 22:10:05.292" endtime="20220320 22:10:07.440"/>
</kw>
<status status="PASS" starttime="20220320 22:10:05.182" endtime="20220320 22:10:07.440"/>
</kw>
<status status="PASS" starttime="20220320 22:09:58.341" endtime="20220320 22:10:07.441"/>
</test>
<test id="s1-t3" name="Cenario: Listar produto">
<kw name="Abrir sessão" library="hooks" type="SETUP">
<kw name="Open Browser" library="SeleniumLibrary">
<arg>About:blank</arg>
<arg>${CONFIG.BROWSER.NOME}</arg>
<doc>Opens a new browser instance to the optional ``url``.</doc>
<msg timestamp="20220320 22:10:07.444" level="INFO">Opening browser 'CHROME' to base url 'About:blank'.</msg>
<status status="PASS" starttime="20220320 22:10:07.443" endtime="20220320 22:10:08.584"/>
</kw>
<kw name="Go To" library="SeleniumLibrary">
<arg>${CONFIG.BROWSER.URL}</arg>
<doc>Navigates the current browser window to the provided ``url``.</doc>
<msg timestamp="20220320 22:10:08.586" level="INFO">Opening url 'https://automationpractice.com/index.php'</msg>
<status status="PASS" starttime="20220320 22:10:08.585" endtime="20220320 22:10:11.551"/>
</kw>
<kw name="Maximize Browser Window" library="SeleniumLibrary">
<doc>Maximizes current browser window.</doc>
<status status="PASS" starttime="20220320 22:10:11.551" endtime="20220320 22:10:11.673"/>
</kw>
<kw name="Set Selenium Timeout" library="SeleniumLibrary">
<arg>${CONFIG.TIMEOUT}</arg>
<doc>Sets the timeout that is used by various keywords.</doc>
<status status="PASS" starttime="20220320 22:10:11.673" endtime="20220320 22:10:11.675"/>
</kw>
<status status="PASS" starttime="20220320 22:10:07.443" endtime="20220320 22:10:11.676"/>
</kw>
<kw name="Dado que o cliente estaja na tela home do site" library="kws_webautomation">
<kw name="Wait Until Element Is Visible" library="SeleniumLibrary">
<arg>${home.titulo}</arg>
<doc>Waits until the element ``locator`` is visible.</doc>
<status status="PASS" starttime="20220320 22:10:11.677" endtime="20220320 22:10:11.710"/>
</kw>
<kw name="Wait Until Element Is Visible" library="SeleniumLibrary">
<arg>${home.Menu}</arg>
<doc>Waits until the element ``locator`` is visible.</doc>
<status status="PASS" starttime="20220320 22:10:11.710" endtime="20220320 22:10:11.736"/>
</kw>
<status status="PASS" starttime="20220320 22:10:11.676" endtime="20220320 22:10:11.736"/>
</kw>
<kw name="Quando passar o mouse por cima da categoria women" library="kws_webautomation">
<kw name="Mouse Over" library="SeleniumLibrary">
<arg>${Women}</arg>
<doc>Simulates hovering the mouse over the element ``locator``.</doc>
<msg timestamp="20220320 22:10:11.737" level="INFO">Simulating Mouse Over on element '//a[@title="Women"]'.</msg>
<status status="PASS" starttime="20220320 22:10:11.737" endtime="20220320 22:10:12.026"/>
</kw>
<status status="PASS" starttime="20220320 22:10:11.736" endtime="20220320 22:10:12.026"/>
</kw>
<kw name="E clickar na subcategoria &quot;summer dresses&quot;" library="kws_webautomation">
<kw name="Wait Until Element Is Visible" library="SeleniumLibrary">
<arg>${subcategoria}</arg>
<doc>Waits until the element ``locator`` is visible.</doc>
<status status="PASS" starttime="20220320 22:10:12.028" endtime="20220320 22:10:12.051"/>
</kw>
<kw name="Click Element" library="SeleniumLibrary">
<arg>${subcategoria}</arg>
<doc>Click the element identified by ``locator``.</doc>
<msg timestamp="20220320 22:10:12.051" level="INFO">Clicking element '//ul/li/a[text()="Summer Dresses"]'.</msg>
<status status="PASS" starttime="20220320 22:10:12.051" endtime="20220320 22:10:13.322"/>
</kw>
<status status="PASS" starttime="20220320 22:10:12.027" endtime="20220320 22:10:13.322"/>
</kw>
<kw name="Então a categoria &quot;summer dresses&quot; deverá aparecer" library="kws_webautomation">
<kw name="Page Should Contain Element" library="SeleniumLibrary">
<arg>${span}</arg>
<doc>Verifies that element ``locator`` is found on the current page.</doc>
<msg timestamp="20220320 22:10:13.336" level="INFO">Current page contains element '//h1/span[contains(text(),"Summer Dresses")]'.</msg>
<status status="PASS" starttime="20220320 22:10:13.323" endtime="20220320 22:10:13.336"/>
</kw>
<status status="PASS" starttime="20220320 22:10:13.322" endtime="20220320 22:10:13.336"/>
</kw>
<kw name="Fechar sessão" library="hooks" type="TEARDOWN">
<kw name="Capture Page Screenshot" library="SeleniumLibrary">
<doc>Takes a screenshot of the current page and embeds it into a log file.</doc>
<msg timestamp="20220320 22:10:13.629" level="INFO" html="true">&lt;/td&gt;&lt;/tr&gt;&lt;tr&gt;&lt;td colspan="3"&gt;&lt;a href="selenium-screenshot-84.png"&gt;&lt;img src="selenium-screenshot-84.png" width="800px"&gt;&lt;/a&gt;</msg>
<status status="PASS" starttime="20220320 22:10:13.337" endtime="20220320 22:10:13.629"/>
</kw>
<kw name="Close Browser" library="SeleniumLibrary">
<doc>Closes the current browser.</doc>
<status status="PASS" starttime="20220320 22:10:13.629" endtime="20220320 22:10:15.782"/>
</kw>
<status status="PASS" starttime="20220320 22:10:13.337" endtime="20220320 22:10:15.782"/>
</kw>
<status status="PASS" starttime="20220320 22:10:07.442" endtime="20220320 22:10:15.783"/>
</test>
<test id="s1-t4" name="Cenario: Adicionar cliente">
<kw name="Abrir sessão" library="hooks" type="SETUP">
<kw name="Open Browser" library="SeleniumLibrary">
<arg>About:blank</arg>
<arg>${CONFIG.BROWSER.NOME}</arg>
<doc>Opens a new browser instance to the optional ``url``.</doc>
<msg timestamp="20220320 22:10:15.787" level="INFO">Opening browser 'CHROME' to base url 'About:blank'.</msg>
<status status="PASS" starttime="20220320 22:10:15.786" endtime="20220320 22:10:16.907"/>
</kw>
<kw name="Go To" library="SeleniumLibrary">
<arg>${CONFIG.BROWSER.URL}</arg>
<doc>Navigates the current browser window to the provided ``url``.</doc>
<msg timestamp="20220320 22:10:16.908" level="INFO">Opening url 'https://automationpractice.com/index.php'</msg>
<status status="PASS" starttime="20220320 22:10:16.907" endtime="20220320 22:10:20.548"/>
</kw>
<kw name="Maximize Browser Window" library="SeleniumLibrary">
<doc>Maximizes current browser window.</doc>
<status status="PASS" starttime="20220320 22:10:20.548" endtime="20220320 22:10:20.682"/>
</kw>
<kw name="Set Selenium Timeout" library="SeleniumLibrary">
<arg>${CONFIG.TIMEOUT}</arg>
<doc>Sets the timeout that is used by various keywords.</doc>
<status status="PASS" starttime="20220320 22:10:20.682" endtime="20220320 22:10:20.684"/>
</kw>
<status status="PASS" starttime="20220320 22:10:15.786" endtime="20220320 22:10:20.684"/>
</kw>
<kw name="Dado que o cliente estaja na tela home do site" library="kws_webautomation">
<kw name="Wait Until Element Is Visible" library="SeleniumLibrary">
<arg>${home.titulo}</arg>
<doc>Waits until the element ``locator`` is visible.</doc>
<status status="PASS" starttime="20220320 22:10:20.685" endtime="20220320 22:10:20.710"/>
</kw>
<kw name="Wait Until Element Is Visible" library="SeleniumLibrary">
<arg>${home.Menu}</arg>
<doc>Waits until the element ``locator`` is visible.</doc>
<status status="PASS" starttime="20220320 22:10:20.710" endtime="20220320 22:10:20.737"/>
</kw>
<status status="PASS" starttime="20220320 22:10:20.684" endtime="20220320 22:10:20.737"/>
</kw>
<kw name="Quando clickar no &quot;sign in&quot; e adicionar e-mail e preencher os campos" library="kws_webautomation">
<kw name="Email" library="FakerLibrary">
<var>${mail}</var>
<msg timestamp="20220320 22:10:20.738" level="INFO">${mail} = maria-luizanascimento@example.net</msg>
<status status="PASS" starttime="20220320 22:10:20.738" endtime="20220320 22:10:20.738"/>
</kw>
<kw name="Password" library="FakerLibrary">
<var>${senha}</var>
<doc>Generate a random password of the specified ``length``.</doc>
<msg timestamp="20220320 22:10:20.739" level="INFO">${senha} = t&amp;7BjSU9Sk</msg>
<status status="PASS" starttime="20220320 22:10:20.738" endtime="20220320 22:10:20.739"/>
</kw>
<kw name="Click Element" library="SeleniumLibrary">
<arg>${login}</arg>
<doc>Click the element identified by ``locator``.</doc>
<msg timestamp="20220320 22:10:20.739" level="INFO">Clicking element '//a[@class="login"]'.</msg>
<status status="PASS" starttime="20220320 22:10:20.739" endtime="20220320 22:10:23.410"/>
</kw>
<kw name="Wait Until Element Is Visible" library="SeleniumLibrary">
<arg>${campo_email.login}</arg>
<doc>Waits until the element ``locator`` is visible.</doc>
<status status="PASS" starttime="20220320 22:10:23.410" endtime="20220320 22:10:23.432"/>
</kw>
<kw name="Input Text" library="SeleniumLibrary">
<arg>${campo_email.login}</arg>
<arg>${mail}</arg>
<doc>Types the given ``text`` into the text field identified by ``locator``.</doc>
<msg timestamp="20220320 22:10:23.432" level="INFO">Typing text 'maria-luizanascimento@example.net' into text field 'id=email_create'.</msg>
<status status="PASS" starttime="20220320 22:10:23.432" endtime="20220320 22:10:23.543"/>
</kw>
<kw name="Click Element" library="SeleniumLibrary">
<arg>${criar_conta}</arg>
<doc>Click the element identified by ``locator``.</doc>
<msg timestamp="20220320 22:10:23.544" level="INFO">Clicking element 'id=SubmitCreate'.</msg>
<status status="PASS" starttime="20220320 22:10:23.543" endtime="20220320 22:10:23.601"/>
</kw>
<kw name="Wait Until Element Is Visible" library="SeleniumLibrary">
<arg>${title}</arg>
<doc>Waits until the element ``locator`` is visible.</doc>
<status status="PASS" starttime="20220320 22:10:23.602" endtime="20220320 22:10:24.928"/>
</kw>
<kw name="Click Element" library="SeleniumLibrary">
<arg>${title}</arg>
<doc>Click the element identified by ``locator``.</doc>
<msg timestamp="20220320 22:10:24.929" level="INFO">Clicking element 'id:id_gender1'.</msg>
<status status="PASS" starttime="20220320 22:10:24.929" endtime="20220320 22:10:24.974"/>
</kw>
<kw name="Input Text" library="SeleniumLibrary">
<arg>${first_name}</arg>
<arg>${CADASTRO.NOME}</arg>
<doc>Types the given ``text`` into the text field identified by ``locator``.</doc>
<msg timestamp="20220320 22:10:24.976" level="INFO">Typing text 'Joao' into text field 'id:customer_firstname'.</msg>
<status status="PASS" starttime="20220320 22:10:24.975" endtime="20220320 22:10:25.069"/>
</kw>
<kw name="Input Text" library="SeleniumLibrary">
<arg>${last_name}</arg>
<arg>${CADASTRO.SOBRENOME}</arg>
<doc>Types the given ``text`` into the text field identified by ``locator``.</doc>
<msg timestamp="20220320 22:10:25.071" level="INFO">Typing text 'Henrique' into text field 'id:customer_lastname'.</msg>
<status status="PASS" starttime="20220320 22:10:25.070" endtime="20220320 22:10:25.167"/>
</kw>
<kw name="Input Text" library="SeleniumLibrary">
<arg>${email}</arg>
<arg>${mail}</arg>
<doc>Types the given ``text`` into the text field identified by ``locator``.</doc>
<msg timestamp="20220320 22:10:25.168" level="INFO">Typing text 'maria-luizanascimento@example.net' into text field 'id:email'.</msg>
<status status="PASS" starttime="20220320 22:10:25.168" endtime="20220320 22:10:25.296"/>
</kw>
<kw name="Input Text" library="SeleniumLibrary">
<arg>${password}</arg>
<arg>${senha}</arg>
<doc>Types the given ``text`` into the text field identified by ``locator``.</doc>
<msg timestamp="20220320 22:10:25.297" level="INFO">Typing text 't&amp;7BjSU9Sk' into text field 'id:passwd'.</msg>
<status status="PASS" starttime="20220320 22:10:25.296" endtime="20220320 22:10:25.387"/>
</kw>
<kw name="Select From List By Value" library="SeleniumLibrary">
<arg>id:days</arg>
<arg>${CADASTRO.DIA}</arg>
<doc>Selects options from selection list ``locator`` by ``values``.</doc>
<msg timestamp="20220320 22:10:25.388" level="INFO">Selecting options from selection list 'id:days' by value 17.</msg>
<status status="PASS" starttime="20220320 22:10:25.387" endtime="20220320 22:10:25.516"/>
</kw>
<kw name="Select From List By Value" library="SeleniumLibrary">
<arg>id:months</arg>
<arg>${CADASTRO.MES}</arg>
<doc>Selects options from selection list ``locator`` by ``values``.</doc>
<msg timestamp="20220320 22:10:25.518" level="INFO">Selecting options from selection list 'id:months' by value 2.</msg>
<status status="PASS" starttime="20220320 22:10:25.517" endtime="20220320 22:10:25.583"/>
</kw>
<kw name="Select From List By Value" library="SeleniumLibrary">
<arg>id:years</arg>
<arg>${CADASTRO.ANO}</arg>
<doc>Selects options from selection list ``locator`` by ``values``.</doc>
<msg timestamp="20220320 22:10:25.585" level="INFO">Selecting options from selection list 'id:years' by value 1994.</msg>
<status status="PASS" starttime="20220320 22:10:25.584" endtime="20220320 22:10:25.656"/>
</kw>
<kw name="Input Text" library="SeleniumLibrary">
<arg>${first_name}</arg>
<arg>${CADASTRO.NOME}</arg>
<doc>Types the given ``text`` into the text field identified by ``locator``.</doc>
<msg timestamp="20220320 22:10:25.657" level="INFO">Typing text 'Joao' into text field 'id:customer_firstname'.</msg>
<status status="PASS" starttime="20220320 22:10:25.656" endtime="20220320 22:10:25.735"/>
</kw>
<kw name="Input Text" library="SeleniumLibrary">
<arg>${last_name}</arg>
<arg>${CADASTRO.SOBRENOME}</arg>
<doc>Types the given ``text`` into the text field identified by ``locator``.</doc>
<msg timestamp="20220320 22:10:25.736" level="INFO">Typing text 'Henrique' into text field 'id:customer_lastname'.</msg>
<status status="PASS" starttime="20220320 22:10:25.735" endtime="20220320 22:10:25.808"/>
</kw>
<kw name="Input Text" library="SeleniumLibrary">
<arg>${address}</arg>
<arg>${CADASTRO.ENDEREÇO}</arg>
<doc>Types the given ``text`` into the text field identified by ``locator``.</doc>
<msg timestamp="20220320 22:10:25.809" level="INFO">Typing text 'Rua sem numero, 07' into text field 'id:address1'.</msg>
<status status="PASS" starttime="20220320 22:10:25.808" endtime="20220320 22:10:25.912"/>
</kw>
<kw name="Input Text" library="SeleniumLibrary">
<arg>${city}</arg>
<arg>${CADASTRO.CIDADE}</arg>
<doc>Types the given ``text`` into the text field identified by ``locator``.</doc>
<msg timestamp="20220320 22:10:25.914" level="INFO">Typing text 'Recife' into text field 'id:city'.</msg>
<status status="PASS" starttime="20220320 22:10:25.912" endtime="20220320 22:10:26.000"/>
</kw>
<kw name="Select From List By Value" library="SeleniumLibrary">
<arg>id:id_state</arg>
<arg>${CADASTRO.ESTADO}</arg>
<doc>Selects options from selection list ``locator`` by ``values``.</doc>
<msg timestamp="20220320 22:10:26.002" level="INFO">Selecting options from selection list 'id:id_state' by value 10.</msg>
<status status="PASS" starttime="20220320 22:10:26.000" endtime="20220320 22:10:26.067"/>
</kw>
<kw name="Input Text" library="SeleniumLibrary">
<arg>${postcode}</arg>
<arg>${CADASTRO.CEP}</arg>
<doc>Types the given ``text`` into the text field identified by ``locator``.</doc>
<msg timestamp="20220320 22:10:26.068" level="INFO">Typing text '30303' into text field 'id:postcode'.</msg>
<status status="PASS" starttime="20220320 22:10:26.067" endtime="20220320 22:10:26.157"/>
</kw>
<kw name="Input Text" library="SeleniumLibrary">
<arg>${phone}</arg>
<arg>${CADASTRO.TELEFONE}</arg>
<doc>Types the given ``text`` into the text field identified by ``locator``.</doc>
<msg timestamp="20220320 22:10:26.158" level="INFO">Typing text '5581924242424' into text field 'id:phone_mobile'.</msg>
<status status="PASS" starttime="20220320 22:10:26.157" endtime="20220320 22:10:26.264"/>
</kw>
<kw name="Input Text" library="SeleniumLibrary">
<arg>${2_address}</arg>
<arg>${CADASTRO.ENDEREÇO2}</arg>
<doc>Types the given ``text`` into the text field identified by ``locator``.</doc>
<msg timestamp="20220320 22:10:26.266" level="INFO">Typing text 'Rua com numero, 10' into text field 'id:alias'.</msg>
<status status="PASS" starttime="20220320 22:10:26.264" endtime="20220320 22:10:26.363"/>
</kw>
<status status="PASS" starttime="20220320 22:10:20.738" endtime="20220320 22:10:26.363"/>
</kw>
<kw name="E clickar em &quot;submter cadastro&quot;" library="kws_webautomation">
<kw name="Click Element" library="SeleniumLibrary">
<arg>${botao_register}</arg>
<doc>Click the element identified by ``locator``.</doc>
<msg timestamp="20220320 22:10:26.364" level="INFO">Clicking element 'id:submitAccount'.</msg>
<status status="PASS" starttime="20220320 22:10:26.364" endtime="20220320 22:10:27.643"/>
</kw>
<status status="PASS" starttime="20220320 22:10:26.364" endtime="20220320 22:10:27.643"/>
</kw>
<kw name="Então o cadastro será realizado com sucesso" library="kws_webautomation">
<kw name="Page Should Contain" library="SeleniumLibrary">
<arg>Welcome to your account. Here you can manage all of your personal information and orders.</arg>
<doc>Verifies that current page contains ``text``.</doc>
<msg timestamp="20220320 22:10:27.661" level="INFO">Current page contains text 'Welcome to your account. Here you can manage all of your personal information and orders.'.</msg>
<status status="PASS" starttime="20220320 22:10:27.644" endtime="20220320 22:10:27.661"/>
</kw>
<status status="PASS" starttime="20220320 22:10:27.644" endtime="20220320 22:10:27.661"/>
</kw>
<kw name="Fechar sessão" library="hooks" type="TEARDOWN">
<kw name="Capture Page Screenshot" library="SeleniumLibrary">
<doc>Takes a screenshot of the current page and embeds it into a log file.</doc>
<msg timestamp="20220320 22:10:27.882" level="INFO" html="true">&lt;/td&gt;&lt;/tr&gt;&lt;tr&gt;&lt;td colspan="3"&gt;&lt;a href="selenium-screenshot-85.png"&gt;&lt;img src="selenium-screenshot-85.png" width="800px"&gt;&lt;/a&gt;</msg>
<status status="PASS" starttime="20220320 22:10:27.662" endtime="20220320 22:10:27.882"/>
</kw>
<kw name="Close Browser" library="SeleniumLibrary">
<doc>Closes the current browser.</doc>
<status status="PASS" starttime="20220320 22:10:27.882" endtime="20220320 22:10:30.044"/>
</kw>
<status status="PASS" starttime="20220320 22:10:27.662" endtime="20220320 22:10:30.044"/>
</kw>
<status status="PASS" starttime="20220320 22:10:15.785" endtime="20220320 22:10:30.045"/>
</test>
<doc>Aqui estarão presentes todos os cenários de automação WEB</doc>
<status status="PASS" starttime="20220320 22:09:48.862" endtime="20220320 22:10:30.047"/>
</suite>
<statistics>
<total>
<stat pass="4" fail="0" skip="0">All Tests</stat>
</total>
<tag>
</tag>
<suite>
<stat pass="4" fail="0" skip="0" id="s1" name="Webautomation">Webautomation</stat>
</suite>
</statistics>
<errors>
</errors>
</robot>
